<?xml version="1.0" encoding="UTF-8"?>
<!-- Generated by org.testng.reporters.JUnitReportReporter -->
<testsuite hostname="LAPTOP-86P31LN5" failures="0" tests="1" name="org.testing.testScripts.TC10_DeleteMethod" time="0.954" errors="0" timestamp="2023-10-27T19:29:48 IST" skipped="0">
  <testcase classname="org.testing.testScripts.TC10_DeleteMethod" name="testCase10" time="0.954"/>
</testsuite> <!-- org.testing.testScripts.TC10_DeleteMethod -->
