<?xml version="1.0" encoding="UTF-8"?>
<!-- Generated by org.testng.reporters.JUnitReportReporter -->
<testsuite hostname="LAPTOP-86P31LN5" failures="0" tests="1" name="org.testing.testScripts.TC6_PostRequest" time="1.213" errors="0" timestamp="2023-10-27T19:29:48 IST" skipped="0">
  <testcase classname="org.testing.testScripts.TC6_PostRequest" name="testCase6" time="1.213"/>
</testsuite> <!-- org.testing.testScripts.TC6_PostRequest -->
